<?xml version="1.0" encoding="UTF-8"?>
<!-- Generated by org.testng.reporters.JUnitReportReporter -->
<testsuite hostname="DESKTOP-KB5NO3L" failures="0" tests="4" name="testNG.Keywords_AnnotationTwo" time="0.038" errors="0" timestamp="2024-11-11T16:48:55 IST" skipped="0">
  <testcase classname="testNG.Keywords_AnnotationTwo" name="TC03" time="0.003"/>
  <system-out/>
  <testcase classname="testNG.Keywords_AnnotationTwo" name="TC02" time="0.024"/>
  <system-out/>
  <testcase classname="testNG.Keywords_AnnotationTwo" name="TC01" time="0.002"/>
  <system-out/>
  <testcase classname="testNG.Keywords_AnnotationTwo" name="login" time="0.009"/>
  <system-out/>
</testsuite> <!-- testNG.Keywords_AnnotationTwo -->
