<?xml version="1.0" encoding="UTF-8"?>
<!-- Generated by org.testng.reporters.JUnitReportReporter -->
<testsuite hostname="DESKTOP-KB5NO3L" failures="0" tests="1" name="parallelBrowsingtestNG.Parallel2" time="10.244" errors="0" timestamp="2024-11-15T16:50:21 IST" skipped="0">
  <testcase classname="parallelBrowsingtestNG.Parallel2" name="openGoogleApp" time="10.244"/>
  <system-out/>
</testsuite> <!-- parallelBrowsingtestNG.Parallel2 -->
