<?xml version="1.0" encoding="UTF-8"?>
<!-- Generated by org.testng.reporters.JUnitReportReporter -->
<testsuite hostname="DESKTOP-KB5NO3L" failures="0" tests="3" name="testNG.BeforeAfter_Method_Annotations" time="0.049" errors="0" timestamp="2024-11-15T16:24:57 IST" skipped="0">
  <testcase classname="testNG.BeforeAfter_Method_Annotations" name="TC01" time="0.026"/>
  <system-out/>
  <testcase classname="testNG.BeforeAfter_Method_Annotations" name="TC01" time="0.014"/>
  <system-out/>
  <testcase classname="testNG.BeforeAfter_Method_Annotations" name="TC02" time="0.009"/>
  <system-out/>
</testsuite> <!-- testNG.BeforeAfter_Method_Annotations -->
