<?xml version="1.0" encoding="UTF-8"?>
<!-- Generated by org.testng.reporters.JUnitReportReporter -->
<testsuite hostname="DESKTOP-KB5NO3L" failures="0" tests="1" name="pom_DDF_TestNG_TestBase_Utility_Properties.OrangeHRM_Test" time="24.026" errors="0" timestamp="2024-11-22T15:05:30 IST" skipped="0">
  <testcase classname="pom_DDF_TestNG_TestBase_Utility_Properties.OrangeHRM_Test" name="verifyLogo" time="24.026"/>
  <system-out/>
</testsuite> <!-- pom_DDF_TestNG_TestBase_Utility_Properties.OrangeHRM_Test -->
