<?xml version="1.0" encoding="UTF-8"?>
<!-- Generated by org.testng.reporters.JUnitReportReporter -->
<testsuite hostname="DESKTOP-KB5NO3L" failures="0" tests="3" name="testNG.FirstTestNG" time="0.047" errors="0" timestamp="2024-11-10T16:27:34 IST" skipped="0">
  <testcase classname="testNG.FirstTestNG" name="TC02_LoginUserName" time="0.006"/>
  <system-out>
    <![CDATA[Username]]>
  </system-out>
  <testcase classname="testNG.FirstTestNG" name="TC01_OpenBrowser" time="0.029"/>
  <system-out>
    <![CDATA[open browser]]>
  </system-out>
  <testcase classname="testNG.FirstTestNG" name="TC03_LoginPassword" time="0.012"/>
  <system-out>
    <![CDATA[Password]]>
  </system-out>
</testsuite> <!-- testNG.FirstTestNG -->
