<?xml version="1.0" encoding="UTF-8"?>
<!-- Generated by org.testng.reporters.JUnitReportReporter -->
<testsuite hostname="DESKTOP-KB5NO3L" failures="0" tests="3" name="testNG.Demo1" time="0.115" errors="0" timestamp="2024-12-01T11:34:21 IST" skipped="0">
  <testcase classname="testNG.Demo1" name="TC01_OpenBrowser" time="0.038"/>
  <system-out/>
  <testcase classname="testNG.Demo1" name="TC02_LoginUserName" time="0.067"/>
  <system-out>
    <![CDATA[Username]]>
  </system-out>
  <testcase classname="testNG.Demo1" name="TC03_LoginPassword" time="0.010"/>
  <system-out>
    <![CDATA[Password]]>
  </system-out>
</testsuite> <!-- testNG.Demo1 -->
