<?xml version="1.0" encoding="UTF-8"?>
<!-- Generated by org.testng.reporters.JUnitReportReporter -->
<testsuite hostname="DESKTOP-KB5NO3L" failures="0" tests="2" name="testNG.GroupByPayment" time="0.031" errors="0" timestamp="2024-11-15T16:32:19 IST" skipped="0">
  <testcase classname="testNG.GroupByPayment" name="paymentInDoller" time="0.027"/>
  <system-out/>
  <testcase classname="testNG.GroupByPayment" name="paymentInRupees" time="0.004"/>
  <system-out/>
</testsuite> <!-- testNG.GroupByPayment -->
