<?xml version="1.0" encoding="UTF-8"?>
<!-- Generated by org.testng.reporters.JUnitReportReporter -->
<testsuite hostname="DESKTOP-KB5NO3L" failures="0" tests="4" name="testNG.Before_and_AfterAnnotation_TestNG" time="0.029" errors="0" timestamp="2024-11-10T16:55:57 IST" skipped="0">
  <testcase classname="testNG.Before_and_AfterAnnotation_TestNG" name="login" time="0.017"/>
  <system-out/>
  <testcase classname="testNG.Before_and_AfterAnnotation_TestNG" name="logoutBrowser" time="0.003"/>
  <system-out/>
  <testcase classname="testNG.Before_and_AfterAnnotation_TestNG" name="search" time="0.005"/>
  <system-out/>
  <testcase classname="testNG.Before_and_AfterAnnotation_TestNG" name="selectItem" time="0.004"/>
  <system-out/>
</testsuite> <!-- testNG.Before_and_AfterAnnotation_TestNG -->
