<?xml version="1.0" encoding="UTF-8"?>
<!-- Generated by org.testng.reporters.JUnitReportReporter -->
<testsuite hostname="DESKTOP-KB5NO3L" failures="0" tests="4" name="include_excludeByXML.Include_ExcludeByXML" time="0.032" errors="0" timestamp="2024-11-16T19:12:03 IST" skipped="0">
  <testcase classname="include_excludeByXML.Include_ExcludeByXML" name="TC06" time="0.004"/>
  <system-out/>
  <testcase classname="include_excludeByXML.Include_ExcludeByXML" name="TC01" time="0.020"/>
  <system-out/>
  <testcase classname="include_excludeByXML.Include_ExcludeByXML" name="TC02" time="0.004"/>
  <system-out/>
  <testcase classname="include_excludeByXML.Include_ExcludeByXML" name="TC05" time="0.004"/>
  <system-out/>
</testsuite> <!-- include_excludeByXML.Include_ExcludeByXML -->
