<?xml version="1.0" encoding="UTF-8"?>
<!-- Generated by org.testng.reporters.JUnitReportReporter -->
<testsuite hostname="DESKTOP-KB5NO3L" failures="0" tests="1" name="pom_DDF_TestNG.SauceLab_Test" time="20.901" errors="0" timestamp="2024-11-20T14:43:18 IST" skipped="0">
  <testcase classname="pom_DDF_TestNG.SauceLab_Test" name="verifyLogo" time="20.901"/>
  <system-out/>
</testsuite> <!-- pom_DDF_TestNG.SauceLab_Test -->
