<?xml version="1.0" encoding="UTF-8"?>
<!-- Generated by org.testng.reporters.JUnitReportReporter -->
<testsuite hostname="DESKTOP-KB5NO3L" failures="0" tests="3" name="testNG.GroupBySignup" time="0.043" errors="0" timestamp="2024-11-15T16:31:50 IST" skipped="0">
  <testcase classname="testNG.GroupBySignup" name="test_signupByEmail" time="0.035"/>
  <system-out/>
  <testcase classname="testNG.GroupBySignup" name="test_signupByFB" time="0.005"/>
  <system-out/>
  <testcase classname="testNG.GroupBySignup" name="test_signupByTwitter" time="0.003"/>
  <system-out/>
</testsuite> <!-- testNG.GroupBySignup -->
