<?xml version="1.0" encoding="UTF-8"?>
<!-- Generated by org.testng.reporters.JUnitReportReporter -->
<testsuite hostname="DESKTOP-KB5NO3L" failures="0" tests="3" name="testNG.Demo1" time="0.026" errors="0" timestamp="2024-11-27T20:38:36 IST" skipped="0">
  <testcase classname="testNG.Demo1" name="TC02_LoginUserName" time="0.008"/>
  <system-out>
    <![CDATA[Username]]>
  </system-out>
  <testcase classname="testNG.Demo1" name="TC01_OpenBrowser" time="0.016"/>
  <system-out/>
  <testcase classname="testNG.Demo1" name="TC03_LoginPassword" time="0.002"/>
  <system-out>
    <![CDATA[Password]]>
  </system-out>
</testsuite> <!-- testNG.Demo1 -->
