<?xml version="1.0" encoding="UTF-8"?>
<!-- Generated by org.testng.reporters.JUnitReportReporter -->
<testsuite hostname="DESKTOP-KB5NO3L" failures="0" tests="5" name="testNG.PriorityWithDependsOnMethod_Parameter" time="0.054" errors="0" timestamp="2024-11-15T16:18:52 IST" skipped="0">
  <testcase classname="testNG.PriorityWithDependsOnMethod_Parameter" name="loginBtn" time="0.003"/>
  <system-out/>
  <testcase classname="testNG.PriorityWithDependsOnMethod_Parameter" name="closeApp" time="0.006"/>
  <system-out/>
  <testcase classname="testNG.PriorityWithDependsOnMethod_Parameter" name="openApp" time="0.032"/>
  <system-out/>
  <testcase classname="testNG.PriorityWithDependsOnMethod_Parameter" name="password" time="0.008"/>
  <system-out/>
  <testcase classname="testNG.PriorityWithDependsOnMethod_Parameter" name="userName" time="0.005"/>
  <system-out/>
</testsuite> <!-- testNG.PriorityWithDependsOnMethod_Parameter -->
