<?xml version="1.0" encoding="UTF-8"?>
<!-- Generated by org.testng.reporters.JUnitReportReporter -->
<testsuite hostname="DESKTOP-KB5NO3L" failures="0" tests="2" name="testNG.BeforeAfter_Method_Annotations" time="0.031" errors="0" timestamp="2024-11-14T19:40:26 IST" skipped="0">
  <testcase classname="testNG.BeforeAfter_Method_Annotations" name="TC01" time="0.024"/>
  <system-out/>
  <testcase classname="testNG.BeforeAfter_Method_Annotations" name="TC02" time="0.007"/>
  <system-out/>
</testsuite> <!-- testNG.BeforeAfter_Method_Annotations -->
