<?xml version="1.0" encoding="UTF-8"?>
<!-- Generated by org.testng.reporters.JUnitReportReporter -->
<testsuite hostname="DESKTOP-KB5NO3L" failures="0" tests="2" name="testNG.SimpleTest_Annotation" time="0.047" errors="0" timestamp="2024-11-16T16:13:04 IST" skipped="0">
  <testcase classname="testNG.SimpleTest_Annotation" name="TC01_OpenBrowser" time="0.038"/>
  <system-out/>
  <testcase classname="testNG.SimpleTest_Annotation" name="TC03_LoginPassword" time="0.009"/>
  <system-out>
    <![CDATA[Password]]>
  </system-out>
</testsuite> <!-- testNG.SimpleTest_Annotation -->
