<?xml version="1.0" encoding="UTF-8"?>
<!-- Generated by org.testng.reporters.JUnitReportReporter -->
<testsuite hostname="DESKTOP-KB5NO3L" failures="0" tests="2" name="testNG.BA_Method_Annotations" time="0.050" errors="0" timestamp="2024-11-14T19:27:22 IST" skipped="0">
  <testcase classname="testNG.BA_Method_Annotations" name="TC01" time="0.034"/>
  <system-out/>
  <testcase classname="testNG.BA_Method_Annotations" name="TC02" time="0.016"/>
  <system-out/>
</testsuite> <!-- testNG.BA_Method_Annotations -->
