<?xml version="1.0" encoding="UTF-8"?>
<!-- Generated by org.testng.reporters.JUnitReportReporter -->
<testsuite hostname="DESKTOP-KB5NO3L" failures="0" tests="5" name="testNG.PriorityKeywordMethod" time="0.038" errors="0" timestamp="2024-11-14T20:00:11 IST" skipped="0">
  <testcase classname="testNG.PriorityKeywordMethod" name="openApp" time="0.023"/>
  <system-out/>
  <testcase classname="testNG.PriorityKeywordMethod" name="userName" time="0.004"/>
  <system-out/>
  <testcase classname="testNG.PriorityKeywordMethod" name="password" time="0.005"/>
  <system-out/>
  <testcase classname="testNG.PriorityKeywordMethod" name="closeApp" time="0.002"/>
  <system-out/>
  <testcase classname="testNG.PriorityKeywordMethod" name="loginBtn" time="0.004"/>
  <system-out/>
</testsuite> <!-- testNG.PriorityKeywordMethod -->
