<?xml version="1.0" encoding="UTF-8"?>
<!-- Generated by org.testng.reporters.JUnitReportReporter -->
<testsuite hostname="DESKTOP-KB5NO3L" failures="0" tests="6" name="testNG.DependsOn_Features" time="0.062" errors="0" timestamp="2025-01-09T23:11:56 IST" skipped="0">
  <testcase classname="testNG.DependsOn_Features" name="jayesh" time="0.031"/>
  <system-out/>
  <testcase classname="testNG.DependsOn_Features" name="tejas" time="0.003"/>
  <system-out/>
  <testcase classname="testNG.DependsOn_Features" name="vivek" time="0.003"/>
  <system-out/>
  <testcase classname="testNG.DependsOn_Features" name="nishant" time="0.009"/>
  <system-out/>
  <testcase classname="testNG.DependsOn_Features" name="aman" time="0.005"/>
  <system-out/>
  <testcase classname="testNG.DependsOn_Features" name="pranav" time="0.011"/>
  <system-out/>
</testsuite> <!-- testNG.DependsOn_Features -->
