<?xml version="1.0" encoding="UTF-8"?>
<!-- Generated by org.testng.reporters.JUnitReportReporter -->
<testsuite hostname="DESKTOP-KB5NO3L" failures="0" tests="3" name="testNG.Demo3" time="0.021" errors="0" timestamp="2024-12-01T11:34:21 IST" skipped="0">
  <testcase classname="testNG.Demo3" name="TC08_LoginUserName" time="0.002"/>
  <system-out>
    <![CDATA[Username3]]>
  </system-out>
  <testcase classname="testNG.Demo3" name="TC09_LoginPassword" time="0.006"/>
  <system-out>
    <![CDATA[Password3]]>
  </system-out>
  <testcase classname="testNG.Demo3" name="TC07_OpenBrowser" time="0.013"/>
  <system-out/>
</testsuite> <!-- testNG.Demo3 -->
