<?xml version="1.0" encoding="UTF-8"?>
<!-- Generated by org.testng.reporters.JUnitReportReporter -->
<testsuite hostname="DESKTOP-KB5NO3L" failures="0" tests="3" name="crossBrowsingtestNG.SauceLabLoginPage" time="65.318" errors="0" timestamp="2024-11-16T16:32:15 IST" skipped="0">
  <testcase classname="crossBrowsingtestNG.SauceLabLoginPage" name="loginSauceLab" time="23.800"/>
  <system-out/>
  <testcase classname="crossBrowsingtestNG.SauceLabLoginPage" name="loginSauceLab" time="26.019"/>
  <system-out/>
  <testcase classname="crossBrowsingtestNG.SauceLabLoginPage" name="loginSauceLab" time="15.499"/>
  <system-out/>
</testsuite> <!-- crossBrowsingtestNG.SauceLabLoginPage -->
