<?xml version="1.0" encoding="UTF-8"?>
<!-- Generated by org.testng.reporters.JUnitReportReporter -->
<testsuite hostname="DESKTOP-KB5NO3L" failures="0" tests="3" name="testNG.Demo2" time="0.032" errors="0" timestamp="2024-11-15T16:02:45 IST" skipped="0">
  <testcase classname="testNG.Demo2" name="TC06_LoginPassword" time="0.009"/>
  <system-out>
    <![CDATA[Password2]]>
  </system-out>
  <testcase classname="testNG.Demo2" name="TC04_OpenBrowser" time="0.011"/>
  <system-out/>
  <testcase classname="testNG.Demo2" name="TC05_LoginUserName" time="0.012"/>
  <system-out>
    <![CDATA[Username2]]>
  </system-out>
</testsuite> <!-- testNG.Demo2 -->
