<?xml version="1.0" encoding="UTF-8"?>
<!-- Generated by org.testng.reporters.JUnitReportReporter -->
<testsuite hostname="DESKTOP-KB5NO3L" failures="0" tests="5" name="testNG.PriorityWithDependsOnMethod_Parameter2" time="0.049" errors="0" timestamp="2024-11-15T16:24:01 IST" skipped="0">
  <testcase classname="testNG.PriorityWithDependsOnMethod_Parameter2" name="openApp" time="0.004"/>
  <system-out/>
  <testcase classname="testNG.PriorityWithDependsOnMethod_Parameter2" name="closeApp" time="0.030"/>
  <system-out/>
  <testcase classname="testNG.PriorityWithDependsOnMethod_Parameter2" name="password" time="0.008"/>
  <system-out/>
  <testcase classname="testNG.PriorityWithDependsOnMethod_Parameter2" name="userName" time="0.003"/>
  <system-out/>
  <testcase classname="testNG.PriorityWithDependsOnMethod_Parameter2" name="loginBtn" time="0.004"/>
  <system-out/>
</testsuite> <!-- testNG.PriorityWithDependsOnMethod_Parameter2 -->
