<?xml version="1.0" encoding="UTF-8"?>
<!-- Generated by org.testng.reporters.JUnitReportReporter -->
<testsuite hostname="DESKTOP-KB5NO3L" failures="0" tests="3" name="testNG.GroupByLogin" time="0.011" errors="0" timestamp="2024-11-15T16:32:19 IST" skipped="0">
  <testcase classname="testNG.GroupByLogin" name="test_loginByEmail" time="0.004"/>
  <system-out/>
  <testcase classname="testNG.GroupByLogin" name="test_loginByFB" time="0.002"/>
  <system-out/>
  <testcase classname="testNG.GroupByLogin" name="test_loginByTwitter" time="0.005"/>
  <system-out/>
</testsuite> <!-- testNG.GroupByLogin -->
