<?xml version="1.0" encoding="UTF-8"?>
<!-- Generated by org.testng.reporters.JUnitReportReporter -->
<testsuite hostname="DESKTOP-KB5NO3L" failures="0" tests="1" name="testNG.Paralle3" time="19.229" errors="0" timestamp="2024-11-15T16:41:25 IST" skipped="0">
  <testcase classname="testNG.Paralle3" name="openFacebookApp" time="19.229"/>
  <system-out/>
</testsuite> <!-- testNG.Paralle3 -->
