<?xml version="1.0" encoding="UTF-8"?>
<!-- Generated by org.testng.reporters.JUnitReportReporter -->
<testsuite hostname="DESKTOP-KB5NO3L" failures="0" tests="5" name="testNG.Enabled_Parameter" time="0.049" errors="0" timestamp="2024-11-15T14:51:44 IST" skipped="2">
  <testcase classname="testNG.Enabled_Parameter" name="TC05" time="0.003"/>
  <system-out/>
  <testcase classname="testNG.Enabled_Parameter" name="TC02" time="0.030"/>
  <system-out/>
  <testcase classname="testNG.Enabled_Parameter" name="TC04" time="0.016"/>
  <system-out/>
  <testcase classname="testNG.Enabled_Parameter" name="TC01">
    <skipped/>
  </testcase> <!-- TC01 -->
  <system-out/>
  <testcase classname="testNG.Enabled_Parameter" name="TC03">
    <skipped/>
  </testcase> <!-- TC03 -->
  <system-out/>
</testsuite> <!-- testNG.Enabled_Parameter -->
