<?xml version="1.0" encoding="UTF-8"?>
<!-- Generated by org.testng.reporters.JUnitReportReporter -->
<testsuite hostname="DESKTOP-KB5NO3L" failures="0" tests="3" name="testNG.Demo2" time="0.026" errors="0" timestamp="2024-12-01T11:34:21 IST" skipped="0">
  <testcase classname="testNG.Demo2" name="TC06_LoginPassword" time="0.021"/>
  <system-out>
    <![CDATA[Password2]]>
  </system-out>
  <testcase classname="testNG.Demo2" name="TC04_OpenBrowser" time="0.003"/>
  <system-out/>
  <testcase classname="testNG.Demo2" name="TC05_LoginUserName" time="0.002"/>
  <system-out>
    <![CDATA[Username2]]>
  </system-out>
</testsuite> <!-- testNG.Demo2 -->
