<?xml version="1.0" encoding="UTF-8"?>
<!-- Generated by org.testng.reporters.JUnitReportReporter -->
<testsuite hostname="DESKTOP-KB5NO3L" failures="0" tests="4" name="testNG.BeforeClass_and_AfterClass_Annotation" time="0.046" errors="0" timestamp="2024-11-11T16:09:13 IST" skipped="0">
  <testcase classname="testNG.BeforeClass_and_AfterClass_Annotation" name="login" time="0.021"/>
  <system-out/>
  <testcase classname="testNG.BeforeClass_and_AfterClass_Annotation" name="logoutBrowser" time="0.008"/>
  <system-out/>
  <testcase classname="testNG.BeforeClass_and_AfterClass_Annotation" name="search" time="0.011"/>
  <system-out/>
  <testcase classname="testNG.BeforeClass_and_AfterClass_Annotation" name="selectItem" time="0.006"/>
  <system-out/>
</testsuite> <!-- testNG.BeforeClass_and_AfterClass_Annotation -->
