<?xml version="1.0" encoding="UTF-8"?>
<!-- Generated by org.testng.reporters.JUnitReportReporter -->
<testsuite hostname="DESKTOP-KB5NO3L" failures="0" tests="1" name="parallelBrowsingtestNG.Parallel3" time="9.572" errors="0" timestamp="2024-11-15T16:50:21 IST" skipped="0">
  <testcase classname="parallelBrowsingtestNG.Parallel3" name="openAmazonApp" time="9.572"/>
  <system-out/>
</testsuite> <!-- parallelBrowsingtestNG.Parallel3 -->
